2.4 0.0311088
2.42 0.0895276
2.44 0.131244
2.46 0.164525
2.48 0.18994
2.5 0.206067
2.52 0.239009
2.54 0.290907
2.56 0.362915
2.58 0.414622
2.6 0.438445
2.62 0.464084
2.64 0.463917
2.66 0.455923
2.68 0.443411
2.7 0.435272
2.72 0.425482
2.74 0.398108
2.76 0.365615
2.78 0.327786
2.8 0.284079
2.82 0.23928
2.84 0.206167
2.86 0.184102
2.88 0.154345
2.9 0.0947756
2.92 0.0429004
2.94 0.0376704
2.96 0.0390774
2.98 0.0462646
3 0.0738157
3.02 0.11196
3.04 0.135252
3.06 0.149548
3.08 0.176613
3.1 0.23341
3.12 0.302294
3.14 0.345967
3.16 0.363028
3.18 0.35601
3.2 0.350902
3.22 0.352589
3.24 0.344248
3.26 0.32352
3.28 0.280223
3.3 0.225792
3.32 0.184475
3.34 0.133646
3.36 0.100758
3.38 0.0901452
3.4 0.0794763
3.42 0.0612699
3.44 0.0641854
3.46 0.0920096
3.48 0.113672
3.5 0.141385
3.52 0.177758
3.54 0.204429
3.56 0.238035
3.58 0.284215
3.6 0.323825
3.62 0.358819
3.64 0.394226
3.66 0.415358
3.68 0.443382
3.7 0.483926
3.72 0.500851
3.74 0.500952
3.76 0.48452
3.78 0.471183
3.8 0.457528
3.82 0.423158
3.84 0.40302
3.86 0.38786
3.88 0.357363
3.9 0.334143
3.92 0.317914
3.94 0.304781
3.96 0.334509
3.98 0.395483
4 0.437599
4.02 0.458252
4.04 0.476712
4.06 0.512714
4.08 0.566522
4.1 0.607018
4.12 0.616046
4.14 0.623709
4.16 0.652551
4.18 0.688394
4.2 0.711764
4.22 0.717024
4.24 0.708267
4.26 0.686494
4.28 0.663254
4.3 0.625183
4.32 0.580582
4.34 0.540835
4.36 0.495507
4.38 0.468133
4.4 0.457929
4.42 0.43678
4.44 0.426337
4.46 0.440874
4.48 0.449156
4.5 0.457538
4.52 0.472633
4.54 0.493095
4.56 0.519915
4.58 0.551137
4.6 0.587679
4.62 0.631945
4.64 0.662883
4.66 0.667382
4.68 0.664602
4.7 0.655431
4.72 0.620309
4.74 0.584442
4.76 0.552304
4.78 0.503533
4.8 0.451029
4.82 0.395984
4.84 0.326312
4.86 0.256369
4.88 0.199902
4.9 0.146621
4.92 0.118638
4.94 0.0941007
4.96 0.0579259
4.98 0.034995
5 0.0160945
5.02 0.0117584
5.04 0.022345
5.06 0.0514703
5.08 0.0785613
5.1 0.0778826
5.12 0.0922335
5.14 0.120047
5.16 0.118378
5.18 0.081542
5.2 0.0364136
5.22 -0.00328694
5.24 -0.045698
5.26 -0.0985882
5.28 -0.157607
5.3 -0.216537
5.32 -0.295368
5.34 -0.38531
5.36 -0.465112
5.38 -0.53452
5.4 -0.592731
5.42 -0.638044
5.44 -0.699542
5.46 -0.751695
5.48 -0.751385
5.5 -0.75144
5.52 -0.748661
5.54 -0.728193
5.56 -0.715898
5.58 -0.704701
5.6 -0.708997
5.62 -0.716969
5.64 -0.699467
5.66 -0.691063
5.68 -0.708624
5.7 -0.743132
5.72 -0.78647
5.74 -0.828879
5.76 -0.875769
5.78 -0.935875
5.8 -1.00649
5.82 -1.05639
5.84 -1.12742
5.86 -1.19292
5.88 -1.22931
5.9 -1.27366
5.92 -1.32856
5.94 -1.38561
5.96 -1.415
5.98 -1.42331
6 -1.43502
6.02 -1.43589
6.04 -1.42436
6.06 -1.41144
6.08 -1.37825
6.1 -1.3451
6.12 -1.31286
6.14 -1.28176
6.16 -1.27621
6.18 -1.28516
6.2 -1.30408
6.22 -1.34461
6.24 -1.37268
6.26 -1.39605
6.28 -1.43631
6.3 -1.47228
6.32 -1.50555
6.34 -1.54544
6.36 -1.57706
6.38 -1.59969
6.4 -1.62634
6.42 -1.6588
6.44 -1.68659
6.46 -1.68293
6.48 -1.6775
6.5 -1.6717
6.52 -1.65704
6.54 -1.62273
6.56 -1.55718
6.58 -1.50236
6.6 -1.45758
6.62 -1.43756
6.64 -1.41189
6.66 -1.38755
6.68 -1.3959
6.7 -1.3862
6.72 -1.37175
6.74 -1.36406
6.76 -1.35069
6.78 -1.34323
6.8 -1.35623
6.82 -1.37571
6.84 -1.38745
6.86 -1.39406
6.88 -1.39306
6.9 -1.38614
6.92 -1.37815
6.94 -1.36996
6.96 -1.33943
6.98 -1.31712
7 -1.29616
7.02 -1.25433
7.04 -1.20233
7.06 -1.12662
7.08 -1.03959
7.1 -0.971522
7.12 -0.918161
7.14 -0.85732
7.16 -0.802005
7.18 -0.754013
7.2 -0.709594
7.22 -0.687503
7.24 -0.679067
7.26 -0.688165
7.28 -0.68863
7.3 -0.679648
7.32 -0.696551
7.34 -0.707887
7.36 -0.717686
7.38 -0.719332
7.4 -0.705671
7.42 -0.664579
7.44 -0.603001
7.46 -0.580414
7.48 -0.551911
7.5 -0.501221
7.52 -0.44838
7.54 -0.373653
7.56 -0.287222
7.58 -0.206059
7.6 -0.11998
7.62 -0.0419755
7.64 0.0170575
7.66 0.0793822
7.68 0.128958
7.7 0.169749
7.72 0.201482
7.74 0.207012
7.76 0.186065
7.78 0.186715
7.8 0.192522
7.82 0.176936
7.84 0.172257
7.86 0.168274
7.88 0.15402
7.9 0.142151
7.92 0.147285
7.94 0.179391
7.96 0.211241
7.98 0.244794
8 0.297582
8.02 0.346417
8.04 0.388336
8.06 0.435329
8.08 0.493891
8.1 0.539936
8.12 0.586275
8.14 0.633201
8.16 0.669074
8.18 0.706127
8.2 0.723638
8.22 0.724702
8.24 0.727825
8.26 0.706261
8.28 0.684619
8.3 0.69594
8.32 0.696008
8.34 0.664438
8.36 0.629315
8.38 0.592115
8.4 0.575626
8.42 0.583523
8.44 0.585911
8.46 0.579229
8.48 0.578907
8.5 0.59181
8.52 0.607094
8.54 0.62943
8.56 0.649924
8.58 0.67047
8.6 0.699179
8.62 0.717206
8.64 0.738128
8.66 0.76534
8.68 0.781273
8.7 0.788095
8.72 0.779969
8.74 0.744018
8.76 0.686619
8.78 0.634729
8.8 0.588791
8.82 0.55304
8.84 0.509518
8.86 0.466795
8.88 0.433106
8.9 0.401823
8.92 0.372864
8.94 0.33484
8.96 0.293554
8.98 0.273212
9 0.284516
9.02 0.297021
9.04 0.3018
9.06 0.311353
9.08 0.318163
9.1 0.323843
9.12 0.335959
9.14 0.347053
9.16 0.350579
9.18 0.34923
9.2 0.337883
9.22 0.325734
9.24 0.302449
9.26 0.267407
9.28 0.213428
9.3 0.142476
9.32 0.0748651
9.34 0.00844027
9.36 -0.0474608
9.38 -0.125076
9.4 -0.209682
9.42 -0.272901
9.44 -0.307025
9.46 -0.304321
9.48 -0.302823
9.5 -0.300543
9.52 -0.283278
9.54 -0.27891
9.56 -0.270471
9.58 -0.256232
9.6 -0.231924
9.62 -0.205514
9.64 -0.185558
9.66 -0.178301
9.68 -0.190004
9.7 -0.206727
9.72 -0.256439
9.74 -0.319022
9.76 -0.360418
9.78 -0.39987
9.8 -0.461052
9.82 -0.527948
9.84 -0.579778
9.86 -0.632484
9.88 -0.673099
9.9 -0.704198
9.92 -0.720158
9.94 -0.732553
9.96 -0.750303
9.98 -0.759967
10 -0.766178
10.02 -0.752222
10.04 -0.720175
10.06 -0.670492
10.08 -0.622785
10.1 -0.589786
10.12 -0.554625
10.14 -0.514382
10.16 -0.489665
10.18 -0.475972
10.2 -0.468834
10.22 -0.485694
10.24 -0.506094
10.26 -0.5301
10.28 -0.572294
10.3 -0.608517
10.32 -0.643202
10.34 -0.680011
10.36 -0.704962
10.38 -0.71482
10.4 -0.72724
10.42 -0.738112
10.44 -0.738804
10.46 -0.729336
10.48 -0.70267
10.5 -0.674605
10.52 -0.638708
10.54 -0.584065
10.56 -0.527751
10.58 -0.459719
10.6 -0.400832
10.62 -0.367973
10.64 -0.347074
10.66 -0.313375
10.68 -0.263024
10.7 -0.234177
10.72 -0.215513
10.74 -0.20437
10.76 -0.207935
10.78 -0.218577
10.8 -0.232225
10.82 -0.24834
10.84 -0.243002
10.86 -0.250499
10.88 -0.296378
10.9 -0.328315
10.92 -0.339299
10.94 -0.330993
10.96 -0.302681
10.98 -0.26274
11 -0.207709
11.02 -0.140888
11.04 -0.0683909
11.06 0.0184125
11.08 0.106889
11.1 0.162388
11.12 0.183831
11.14 0.22672
11.16 0.26888
11.18 0.295601
11.2 0.33183
11.22 0.376456
11.24 0.405929
11.26 0.39833
11.28 0.387974
11.3 0.380088
11.32 0.367189
11.34 0.345822
11.36 0.315896
11.38 0.301779
11.4 0.293878
11.42 0.282629
11.44 0.307718
11.46 0.345921
11.48 0.377487
11.5 0.42994
11.52 0.486291
11.54 0.547987
11.56 0.611293
11.58 0.674365
11.6 0.743912
11.62 0.796027
11.64 0.828477
11.66 0.847879
11.68 0.866697
11.7 0.882556
11.72 0.887125
11.74 0.895115
11.76 0.893127
11.78 0.883277
11.8 0.86398
11.82 0.838759
11.84 0.812152
11.86 0.779364
11.88 0.764911
11.9 0.749235
11.92 0.727789
11.94 0.738856
11.96 0.76924
11.98 0.782195
12 0.801191
12.02 0.828737
12.04 0.862631
12.06 0.916136
12.08 0.946699
12.1 0.973612
12.12 1.02615
12.14 1.05992
12.16 1.08687
12.18 1.10372
12.2 1.08164
12.22 1.03136
12.24 0.986075
12.26 0.962229
12.28 0.935287
12.3 0.89776
12.32 0.847427
12.34 0.794148
12.36 0.73357
12.38 0.671073
12.4 0.625439
12.42 0.600504
12.44 0.590685
12.46 0.572807
12.48 0.565205
12.5 0.571172
12.52 0.57831
12.54 0.606067
12.56 0.642527
12.58 0.673021
12.6 0.707592
12.62 0.733851
12.64 0.749383
12.66 0.760818
12.68 0.767185
12.7 0.759421
12.72 0.742172
12.74 0.709431
12.76 0.654122
12.78 0.608866
12.8 0.553075
12.82 0.478748
12.84 0.41971
12.86 0.364002
12.88 0.316784
12.9 0.283025
12.92 0.244958
12.94 0.199645
12.96 0.169618
12.98 0.145823
13 0.130794
13.02 0.146192
13.04 0.165969
13.06 0.189259
13.08 0.229743
13.1 0.26595
13.12 0.279614
13.14 0.285626
13.16 0.286595
13.18 0.26156
13.2 0.223041
13.22 0.202353
13.24 0.175269
13.26 0.133109
13.28 0.0758049
13.3 0.0109779
13.32 -0.0391913
13.34 -0.102855
13.36 -0.164347
13.38 -0.208183
13.4 -0.257004
13.42 -0.293938
13.44 -0.328424
13.46 -0.368864
13.48 -0.386806
13.5 -0.381342
13.52 -0.366532
13.54 -0.35101
13.56 -0.315855
13.58 -0.278271
13.6 -0.243579
13.62 -0.190442
13.64 -0.147557
13.66 -0.121066
13.68 -0.107682
13.7 -0.118205
13.72 -0.13274
13.74 -0.132618
13.76 -0.12708
13.78 -0.145806
13.8 -0.20147
13.82 -0.249801
13.84 -0.277225
13.86 -0.306757
13.88 -0.345424
13.9 -0.354218
13.92 -0.367075
13.94 -0.392548
13.96 -0.393514
13.98 -0.383183
14 -0.346366
14.02 -0.295252
14.04 -0.249061
14.06 -0.192671
14.08 -0.123191
14.1 -0.0583966
14.12 -0.00826868
14.14 0.0403222
14.16 0.0911233
14.18 0.144502
14.2 0.18805
14.22 0.205733
14.24 0.204063
14.26 0.172888
14.28 0.136031
14.3 0.103997
14.32 0.0707923
14.34 0.0523553
14.36 0.0366217
14.38 0.0126434
14.4 -0.000633128
14.42 0.00305286
14.44 0.0240289
14.46 0.0467638
14.48 0.0790202
14.5 0.130358
14.52 0.197472
14.54 0.265348
14.56 0.322181
14.58 0.372844
14.6 0.41358
14.62 0.468426
14.64 0.528831
14.66 0.582326
14.68 0.619802
14.7 0.66033
14.72 0.697804
14.74 0.714291
14.76 0.717501
14.78 0.70197
14.8 0.69109
