2.4 0.0171098
2.42 0.0352413
2.44 0.0490068
2.46 0.0666699
2.48 0.0794376
2.5 0.0945338
2.52 0.118162
2.54 0.146978
2.56 0.186858
2.58 0.211708
2.6 0.241423
2.62 0.269655
2.64 0.287739
2.66 0.31165
2.68 0.32645
2.7 0.351514
2.72 0.364592
2.74 0.379007
2.76 0.386531
2.78 0.394763
2.8 0.378162
2.82 0.36329
2.84 0.351981
2.86 0.340342
2.88 0.323594
2.9 0.29515
2.92 0.265815
2.94 0.244119
2.96 0.20166
2.98 0.187249
3 0.166875
3.02 0.157664
3.04 0.144565
3.06 0.137057
3.08 0.135695
3.1 0.146092
3.12 0.158779
3.14 0.172849
3.16 0.180821
3.18 0.189536
3.2 0.204872
3.22 0.221786
3.24 0.229828
3.26 0.236329
3.28 0.236323
3.3 0.251743
3.32 0.255232
3.34 0.240821
3.36 0.245967
3.38 0.237199
3.4 0.229334
3.42 0.206772
3.44 0.213058
3.46 0.207106
3.48 0.204333
3.5 0.184815
3.52 0.177249
3.54 0.163011
3.56 0.172195
3.58 0.17977
3.6 0.18961
3.62 0.195382
3.64 0.214294
3.66 0.223403
3.68 0.262705
3.7 0.291955
3.72 0.320551
3.74 0.351604
3.76 0.366332
3.78 0.388482
3.8 0.402794
3.82 0.417398
3.84 0.426303
3.86 0.42764
3.88 0.4272
3.9 0.423996
3.92 0.417545
3.94 0.416119
3.96 0.425448
3.98 0.433903
4 0.437953
4.02 0.437393
4.04 0.438575
4.06 0.45382
4.08 0.462492
4.1 0.466107
4.12 0.470458
4.14 0.481785
4.16 0.507635
4.18 0.525638
4.2 0.54972
4.22 0.572858
4.24 0.585366
4.26 0.599745
4.28 0.619221
4.3 0.622166
4.32 0.63272
4.34 0.633795
4.36 0.615045
4.38 0.601304
4.4 0.593533
4.42 0.580345
4.44 0.57549
4.46 0.563502
4.48 0.543267
4.5 0.534103
4.52 0.531655
4.54 0.526801
4.56 0.517481
4.58 0.510996
4.6 0.511001
4.62 0.520041
4.64 0.524325
4.66 0.529952
4.68 0.533666
4.7 0.545982
4.72 0.541905
4.74 0.552089
4.76 0.55352
4.78 0.546
4.8 0.533795
4.82 0.526667
4.84 0.49714
4.86 0.470201
4.88 0.443077
4.9 0.41136
4.92 0.388293
4.94 0.351211
4.96 0.313746
4.98 0.275228
5 0.231639
5.02 0.191339
5.04 0.158427
5.06 0.140829
5.08 0.113265
5.1 0.0868957
5.12 0.08272
5.14 0.0691126
5.16 0.0530384
5.18 0.0322846
5.2 0.0148957
5.22 -0.000737585
5.24 -0.010038
5.26 -0.0285594
5.28 -0.0469369
5.3 -0.0674171
5.32 -0.111219
5.34 -0.14479
5.36 -0.183156
5.38 -0.222656
5.4 -0.261728
5.42 -0.306076
5.44 -0.366355
5.46 -0.422967
5.48 -0.461401
5.5 -0.505619
5.52 -0.550698
5.54 -0.593748
5.56 -0.627842
5.58 -0.650758
5.6 -0.684008
5.62 -0.707848
5.64 -0.722424
5.66 -0.739513
5.68 -0.75887
5.7 -0.781183
5.72 -0.792008
5.74 -0.80415
5.76 -0.818263
5.78 -0.8401
5.8 -0.865222
5.82 -0.883999
5.84 -0.912297
5.86 -0.93413
5.88 -0.976605
5.9 -1.00628
5.92 -1.06055
5.94 -1.10691
5.96 -1.14922
5.98 -1.18755
6 -1.22516
6.02 -1.25624
6.04 -1.30034
6.06 -1.32624
6.08 -1.34446
6.1 -1.35599
6.12 -1.36309
6.14 -1.3682
6.16 -1.37954
6.18 -1.38011
6.2 -1.38603
6.22 -1.40472
6.24 -1.39123
6.26 -1.40607
6.28 -1.41367
6.3 -1.42217
6.32 -1.42163
6.34 -1.43043
6.36 -1.43884
6.38 -1.45451
6.4 -1.4647
6.42 -1.49102
6.44 -1.50861
6.46 -1.52233
6.48 -1.55103
6.5 -1.5673
6.52 -1.59335
6.54 -1.59996
6.56 -1.59445
6.58 -1.59298
6.6 -1.58113
6.62 -1.57503
6.64 -1.56087
6.66 -1.55271
6.68 -1.54247
6.7 -1.52355
6.72 -1.50762
6.74 -1.484
6.76 -1.46473
6.78 -1.44482
6.8 -1.43158
6.82 -1.41067
6.84 -1.39444
6.86 -1.3864
6.88 -1.36799
6.9 -1.35734
6.92 -1.3431
6.94 -1.34382
6.96 -1.33709
6.98 -1.33992
7 -1.33167
7.02 -1.31179
7.04 -1.29886
7.06 -1.26258
7.08 -1.22031
7.1 -1.19484
7.12 -1.15744
7.14 -1.12025
7.16 -1.0837
7.18 -1.04309
7.2 -0.993195
7.22 -0.955566
7.24 -0.913278
7.26 -0.886095
7.28 -0.843491
7.3 -0.814517
7.32 -0.786538
7.34 -0.757093
7.36 -0.742515
7.38 -0.708091
7.4 -0.68675
7.42 -0.649448
7.44 -0.622508
7.46 -0.61873
7.48 -0.60008
7.5 -0.57952
7.52 -0.553336
7.54 -0.524904
7.56 -0.487856
7.58 -0.455182
7.6 -0.410148
7.62 -0.365468
7.64 -0.317767
7.66 -0.256573
7.68 -0.213489
7.7 -0.15732
7.72 -0.1018
7.74 -0.0582404
7.76 -0.0164411
7.78 0.0333973
7.8 0.0698442
7.82 0.0920434
7.84 0.117554
7.86 0.154956
7.88 0.168907
7.9 0.191141
7.92 0.207005
7.94 0.227266
7.96 0.23229
7.98 0.250927
8 0.259066
8.02 0.27664
8.04 0.288492
8.06 0.305335
8.08 0.32903
8.1 0.344718
8.12 0.374081
8.14 0.405965
8.16 0.447952
8.18 0.474288
8.2 0.50633
8.22 0.536557
8.24 0.565398
8.26 0.582444
8.28 0.615133
8.3 0.648259
8.32 0.667725
8.34 0.668109
8.36 0.679395
8.38 0.671003
8.4 0.676024
8.42 0.676291
8.44 0.677993
8.46 0.666528
8.48 0.659997
8.5 0.656801
8.52 0.648104
8.54 0.645358
8.56 0.639268
8.58 0.634364
8.6 0.641861
8.62 0.641248
8.64 0.650901
8.66 0.669106
8.68 0.677475
8.7 0.676296
8.72 0.682184
8.74 0.682283
8.76 0.67789
8.78 0.679934
8.8 0.665954
8.82 0.657244
8.84 0.637655
8.86 0.629782
8.88 0.60806
8.9 0.5909
8.92 0.564728
8.94 0.534279
8.96 0.501289
8.98 0.476154
9 0.451991
9.02 0.431651
9.04 0.401094
9.06 0.378306
9.08 0.350677
9.1 0.331366
9.12 0.315385
9.14 0.312841
9.16 0.309197
9.18 0.307034
9.2 0.299672
9.22 0.294925
9.24 0.288071
9.26 0.278442
9.28 0.256974
9.3 0.234657
9.32 0.20978
9.34 0.189236
9.36 0.169102
9.38 0.123634
9.4 0.076523
9.42 0.0325659
9.44 -0.0018653
9.46 -0.0320836
9.48 -0.0663544
9.5 -0.0960522
9.52 -0.125961
9.54 -0.161676
9.56 -0.185855
9.58 -0.215208
9.6 -0.22679
9.62 -0.250981
9.64 -0.256132
9.66 -0.276517
9.68 -0.277452
9.7 -0.287034
9.72 -0.302527
9.74 -0.318052
9.76 -0.327296
9.78 -0.328358
9.8 -0.341892
9.82 -0.355517
9.84 -0.377135
9.86 -0.413268
9.88 -0.433114
9.9 -0.468654
9.92 -0.491753
9.94 -0.521561
9.96 -0.551522
9.98 -0.582691
10 -0.61868
10.02 -0.642966
10.04 -0.666701
10.06 -0.673094
10.08 -0.683244
10.1 -0.689025
10.12 -0.67487
10.14 -0.66229
10.16 -0.658043
10.18 -0.645984
10.2 -0.628078
10.22 -0.619242
10.24 -0.606566
10.26 -0.596089
10.28 -0.597195
10.3 -0.588827
10.32 -0.597926
10.34 -0.594559
10.36 -0.596633
10.38 -0.590132
10.4 -0.595533
10.42 -0.599894
10.44 -0.612128
10.46 -0.623875
10.48 -0.629586
10.5 -0.634576
10.52 -0.637664
10.54 -0.635064
10.56 -0.627254
10.58 -0.608986
10.6 -0.597166
10.62 -0.574841
10.64 -0.56268
10.66 -0.5272
10.68 -0.490108
10.7 -0.460485
10.72 -0.423332
10.74 -0.391342
10.76 -0.364006
10.78 -0.342071
10.8 -0.315057
10.82 -0.295453
10.84 -0.262763
10.86 -0.255203
10.88 -0.254779
10.9 -0.247576
10.92 -0.245934
10.94 -0.24312
10.96 -0.236028
10.98 -0.236063
11 -0.218451
11.02 -0.198072
11.04 -0.167364
11.06 -0.140996
11.08 -0.113216
11.1 -0.0893464
11.12 -0.072031
11.14 -0.0319519
11.16 -0.00377302
11.18 0.0362797
11.2 0.0750766
11.22 0.126093
11.24 0.150831
11.26 0.19093
11.28 0.235251
11.3 0.272593
11.32 0.305038
11.34 0.326922
11.36 0.340688
11.38 0.359048
11.4 0.362528
11.42 0.366268
11.44 0.378805
11.46 0.377148
11.48 0.380255
11.5 0.402533
11.52 0.42621
11.54 0.443122
11.56 0.469967
11.58 0.497356
11.6 0.526169
11.62 0.542683
11.64 0.569763
11.66 0.599789
11.68 0.630764
11.7 0.66072
11.72 0.690618
11.74 0.72886
11.76 0.760914
11.78 0.78893
11.8 0.812796
11.82 0.838255
11.84 0.839976
11.86 0.849654
11.88 0.85801
11.9 0.850926
11.92 0.847151
11.94 0.847229
11.96 0.84813
11.98 0.83546
12 0.83111
12.02 0.827675
12.04 0.835175
12.06 0.849847
12.08 0.84846
12.1 0.863928
12.12 0.883949
12.14 0.892011
12.16 0.916345
12.18 0.92607
12.2 0.936857
12.22 0.934056
12.24 0.945843
12.26 0.956367
12.28 0.95726
12.3 0.961386
12.32 0.956225
12.34 0.937959
12.36 0.911725
12.38 0.892893
12.4 0.865067
12.42 0.846453
12.44 0.818201
12.46 0.779998
12.48 0.762878
12.5 0.730328
12.52 0.697663
12.54 0.682236
12.56 0.657509
12.58 0.645306
12.6 0.645599
12.62 0.649994
12.64 0.6493
12.66 0.645729
12.68 0.647478
12.7 0.645289
12.72 0.65184
12.74 0.64606
12.76 0.646267
12.78 0.647597
12.8 0.63446
12.82 0.613195
12.84 0.595214
12.86 0.575292
12.88 0.552545
12.9 0.5286
12.92 0.498868
12.94 0.455076
12.96 0.421658
12.98 0.377926
13 0.341658
13.02 0.314272
13.04 0.285227
13.06 0.262451
13.08 0.246836
13.1 0.232891
13.12 0.214491
13.14 0.207949
13.16 0.203063
13.18 0.182319
13.2 0.177832
13.22 0.178817
13.24 0.167767
13.26 0.161824
13.28 0.13913
13.3 0.120639
13.32 0.105269
13.34 0.0821314
13.36 0.0577132
13.38 0.0377125
13.4 0.00372655
13.42 -0.02985
13.44 -0.0701311
13.46 -0.114341
13.48 -0.158078
13.5 -0.192904
13.52 -0.222177
13.54 -0.252288
13.56 -0.267038
13.58 -0.278093
13.6 -0.280755
13.62 -0.284151
13.64 -0.281552
13.66 -0.278676
13.68 -0.26809
13.7 -0.267157
13.72 -0.26141
13.74 -0.24143
13.76 -0.22752
13.78 -0.223893
13.8 -0.225046
13.82 -0.224608
13.84 -0.216748
13.86 -0.213488
13.88 -0.221936
13.9 -0.217192
13.92 -0.23444
13.94 -0.239793
13.96 -0.258461
13.98 -0.262549
14 -0.267783
14.02 -0.273941
14.04 -0.276445
14.06 -0.267646
14.08 -0.252754
14.1 -0.227772
14.12 -0.211208
14.14 -0.188667
14.16 -0.169019
14.18 -0.127189
14.2 -0.085422
14.22 -0.0519296
14.24 -0.0257039
14.26 -0.0047041
14.28 0.0232555
14.3 0.0306594
14.32 0.0578861
14.34 0.0783159
14.36 0.094254
14.38 0.102459
14.4 0.106285
14.42 0.110947
14.44 0.122247
14.46 0.119746
14.48 0.125718
14.5 0.132565
14.52 0.153937
14.54 0.163746
14.56 0.179757
14.58 0.185358
14.6 0.201044
14.62 0.228351
14.64 0.261455
14.66 0.307396
14.68 0.343282
14.7 0.395682
14.72 0.437788
14.74 0.477592
14.76 0.514401
14.78 0.550325
14.8 0.584652
