2.4 0.684393
2.42 0.725258
2.44 0.550623
2.46 0.706522
2.48 0.510708
2.5 0.603847
2.52 0.945149
2.54 1.15264
2.56 1.59518
2.58 0.994026
2.6 1.18857
2.62 1.12929
2.64 0.723375
2.66 0.956413
2.68 0.592015
2.7 1.00258
2.72 0.52311
2.74 0.576606
2.76 0.300963
2.78 0.329263
2.8 0.0203353
2.82 0.130391
2.84 0.0982495
2.86 0.240994
2.88 -0.159244
2.9 -0.533904
2.92 -0.228249
2.94 0.284792
2.96 -0.103157
2.98 0.417585
3 0.373597
3.02 0.760845
3.04 0.199424
3.06 0.656089
3.08 0.537524
3.1 1.41848
3.12 1.0306
3.14 1.13938
3.16 0.619828
3.18 0.677886
3.2 0.633781
3.22 0.806935
3.24 0.419926
3.26 0.501036
3.28 -0.159482
3.3 0.0828914
3.32 -0.08869
3.34 -0.291651
3.36 0.102693
3.38 0.0668596
3.4 0.0590059
3.42 -0.141642
3.44 0.450862
3.46 0.418012
3.48 0.426602
3.5 0.637779
3.52 0.727954
3.54 0.569849
3.56 0.987203
3.58 0.980887
3.6 1.02738
3.62 1.03779
3.64 1.17643
3.66 0.865371
3.68 1.41259
3.7 1.25291
3.72 1.05515
3.74 0.950483
3.76 0.691811
3.78 0.952846
3.8 0.631474
3.82 0.442514
3.84 0.807064
3.86 0.471494
3.88 0.409016
3.9 0.509607
3.92 0.469924
3.94 0.512797
3.96 1.36036
3.98 1.3191
4 1.18938
4.02 1.01538
4.04 1.22373
4.06 1.47515
4.08 1.75948
4.1 1.39751
4.12 1.22918
4.14 1.40357
4.16 1.72579
4.18 1.67295
4.2 1.59476
4.22 1.36803
4.24 1.30741
4.26 1.04664
4.28 1.18806
4.3 0.627397
4.32 0.892101
4.34 0.555793
4.36 0.610342
4.38 0.769455
4.4 0.878577
4.42 0.487862
4.44 1.02951
4.46 0.995647
4.48 0.950067
4.5 1.03096
4.52 1.13127
4.54 1.20943
4.56 1.35299
4.58 1.41355
4.6 1.59493
4.62 1.72964
4.64 1.47878
4.66 1.27174
4.68 1.33662
4.7 1.12004
4.72 0.729006
4.74 0.963146
4.76 0.667593
4.78 0.468645
4.8 0.390404
4.82 0.202725
4.84 -0.151566
4.86 -0.0819384
4.88 -0.134871
4.9 -0.237704
4.92 0.208565
4.94 -0.273832
4.96 -0.145611
4.98 -0.127165
5 -0.148665
5.02 0.117648
5.04 0.162292
5.06 0.567843
5.08 0.234041
5.1 0.0652726
5.12 0.561977
5.14 0.418848
5.16 0.0246257
5.18 -0.361506
5.2 -0.30515
5.22 -0.422608
5.24 -0.523584
5.26 -0.822793
5.28 -0.869973
5.3 -1.05691
5.32 -1.54353
5.34 -1.61667
5.36 -1.68022
5.38 -1.7072
5.4 -1.71153
5.42 -1.65627
5.44 -2.24887
5.46 -1.69665
5.48 -1.30332
5.5 -1.70343
5.52 -1.24119
5.54 -1.30316
5.56 -1.33912
5.58 -1.27814
5.6 -1.63518
5.62 -1.3762
5.64 -1.10663
5.66 -1.50634
5.68 -1.64424
5.7 -1.94943
5.72 -1.97654
5.74 -2.10232
5.76 -2.24477
5.78 -2.58064
5.8 -2.71641
5.82 -2.40735
5.84 -3.38079
5.86 -2.56999
5.88 -3.00233
5.9 -2.89045
5.92 -3.41202
5.94 -3.15737
5.96 -3.03167
5.98 -2.81114
6 -3.13967
6.02 -2.61946
6.04 -2.87061
6.06 -2.54254
6.08 -2.37297
6.1 -2.41068
6.12 -2.26057
6.14 -2.3067
6.16 -2.69822
6.18 -2.60355
6.2 -2.95325
6.22 -3.1548
6.24 -2.84118
6.26 -3.16371
6.28 -3.30615
6.3 -3.2305
6.32 -3.39048
6.34 -3.5093
6.36 -3.36822
6.38 -3.43776
6.4 -3.54723
6.42 -3.67223
6.44 -3.57436
6.46 -3.09154
6.48 -3.52073
6.5 -3.06158
6.52 -3.30267
6.54 -2.57082
6.56 -2.47785
6.58 -2.54499
6.6 -2.47928
6.62 -2.91054
6.64 -2.27503
6.66 -2.83707
6.68 -2.89666
6.7 -2.47368
6.72 -2.75309
6.74 -2.5647
6.76 -2.59741
6.78 -2.64129
6.8 -3.01765
6.82 -2.8357
6.84 -2.92541
6.86 -2.76985
6.88 -2.7845
6.9 -2.63552
6.92 -2.73309
6.94 -2.59945
6.96 -2.20861
6.98 -2.65842
7 -2.14898
7.02 -2.1154
7.04 -1.75785
7.06 -1.38596
7.08 -1.20576
7.1 -1.45512
7.12 -1.25703
7.14 -1.07713
7.16 -1.13522
7.18 -1.01698
7.2 -1.02185
7.22 -1.33053
7.24 -1.23389
7.26 -1.68254
7.28 -1.08035
7.3 -1.47656
7.32 -1.61391
7.34 -1.42167
7.36 -1.62547
7.38 -1.28149
7.4 -1.29531
7.42 -0.623341
7.44 -0.680247
7.46 -1.23485
7.48 -0.459753
7.5 -0.63271
7.52 -0.209669
7.54 0.0601427
7.56 0.346729
7.58 0.289964
7.6 0.779539
7.62 0.456645
7.64 0.674178
7.66 0.765196
7.68 0.643
7.7 0.77023
7.72 0.60689
7.74 0.320704
7.76 0.0465071
7.78 0.71205
7.8 0.162565
7.82 0.264624
7.84 0.340185
7.86 0.261224
7.88 0.0982908
7.9 0.256661
7.92 0.424892
7.94 0.870584
7.96 0.547678
7.98 1.03545
8 1.10507
8.02 1.15961
8.04 1.14828
8.06 1.43891
8.08 1.59077
8.1 1.39778
8.12 1.78141
8.14 1.59606
8.16 1.72595
8.18 1.76551
8.2 1.44425
8.22 1.47371
8.24 1.49381
8.26 0.943066
8.28 1.40585
8.3 1.5817
8.32 1.20355
8.34 0.885945
8.36 0.999092
8.38 0.699759
8.4 1.30595
8.42 1.17029
8.44 1.21634
8.46 0.980309
8.48 1.32952
8.5 1.26995
8.52 1.43353
8.54 1.48624
8.56 1.48234
8.58 1.56937
8.6 1.7441
8.62 1.44921
8.64 1.87991
8.66 1.67126
8.68 1.74063
8.7 1.53456
8.72 1.43905
8.74 0.889905
8.76 0.823376
8.78 0.781529
8.8 0.746746
8.82 0.821888
8.84 0.432791
8.86 0.665387
8.88 0.460631
8.9 0.583569
8.92 0.386625
8.94 0.268309
8.96 0.162739
8.98 0.563969
9 0.777569
9.02 0.635598
9.04 0.657619
9.06 0.759743
9.08 0.635483
9.1 0.762133
9.12 0.799785
9.14 0.788132
9.16 0.677636
9.18 0.695021
9.2 0.452256
9.22 0.632004
9.24 0.158648
9.26 0.280225
9.28 -0.398121
9.3 -0.309111
9.32 -0.60843
9.34 -0.553457
9.36 -0.642606
9.38 -1.25477
9.4 -1.10686
9.42 -1.12269
9.44 -0.719628
9.46 -0.448989
9.48 -0.73535
9.5 -0.425778
9.52 -0.396559
9.54 -0.640459
9.56 -0.289522
9.58 -0.479105
9.6 -0.011054
9.62 -0.335624
9.64 -0.0473844
9.66 -0.535191
9.68 -0.435494
9.7 -0.69242
9.72 -1.22815
9.74 -1.17444
9.76 -1.01236
9.78 -1.29726
9.8 -1.64822
9.82 -1.6677
9.84 -1.58436
9.86 -1.89428
9.88 -1.52919
9.9 -1.84738
9.92 -1.32054
9.94 -1.83278
9.96 -1.48794
9.98 -1.72588
10 -1.45063
10.02 -1.30705
10.04 -0.996794
10.06 -0.790887
10.08 -0.841516
10.1 -0.923663
10.12 -0.661921
10.14 -0.671242
10.16 -0.84251
10.18 -0.814896
10.2 -0.931969
10.22 -1.31427
10.24 -1.0773
10.26 -1.47523
10.28 -1.57342
10.3 -1.51265
10.32 -1.6845
10.34 -1.69809
10.36 -1.57087
10.38 -1.46585
10.4 -1.66666
10.42 -1.48149
10.44 -1.48617
10.46 -1.26074
10.48 -1.06997
10.5 -1.12327
10.52 -0.785438
10.54 -0.56725
10.56 -0.530096
10.58 -0.0842047
10.6 -0.459165
10.62 -0.421257
10.64 -0.590867
10.66 -0.0560407
10.68 -0.0897464
10.7 -0.327715
10.72 -0.198387
10.74 -0.418511
10.76 -0.477399
10.78 -0.588472
10.8 -0.58609
10.82 -0.697335
10.84 -0.178587
10.86 -0.958349
10.88 -1.053
10.9 -0.835123
10.92 -0.719777
10.94 -0.454691
10.96 -0.246415
10.98 -0.0855955
11 0.245304
11.02 0.393922
11.04 0.637464
11.06 0.998647
11.08 1.02149
11.1 0.627053
11.12 0.494229
11.14 1.18465
11.16 0.649756
11.18 1.01364
11.2 0.965787
11.22 1.34331
11.24 0.810929
11.26 0.64561
11.28 0.719876
11.3 0.658538
11.32 0.578021
11.34 0.420674
11.36 0.304224
11.38 0.648788
11.4 0.384504
11.42 0.543531
11.44 1.13895
11.46 0.932379
11.48 1.14575
11.5 1.51816
11.52 1.44132
11.54 1.86116
11.56 1.72354
11.58 2.1092
11.6 2.1183
11.62 2.00388
11.64 1.89412
11.66 1.84663
11.68 1.95888
11.7 1.8568
11.72 1.77394
11.74 1.95032
11.76 1.58641
11.78 1.7694
11.8 1.33916
11.82 1.56191
11.84 1.20776
11.86 1.31952
11.88 1.47998
11.9 1.2348
11.92 1.29033
11.94 1.86429
11.96 1.75957
11.98 1.60241
12 1.94428
12.02 1.86649
12.04 2.19411
12.06 2.43352
12.08 1.9034
12.1 2.47549
12.12 2.57481
12.14 2.2728
12.16 2.55976
12.18 2.15841
12.2 1.77065
12.22 1.44988
12.24 1.67921
12.26 1.74048
12.28 1.51573
12.3 1.39981
12.32 1.08392
12.34 1.13365
12.36 0.710217
12.38 0.84913
12.4 0.831228
12.42 1.12196
12.44 1.06403
12.46 0.905391
12.48 1.21859
12.5 1.17351
12.52 1.26821
12.54 1.65569
12.56 1.5707
12.58 1.67028
12.6 1.78238
12.62 1.62568
12.64 1.65143
12.66 1.59766
12.68 1.58568
12.7 1.31225
12.72 1.34596
12.74 0.902431
12.76 0.718505
12.78 0.902333
12.8 0.305728
12.82 0.271382
12.84 0.34477
12.86 0.108505
12.88 0.308708
12.9 0.215715
12.92 0.0789265
12.94 -0.0959966
12.96 0.233986
12.98 -0.0790077
13 0.331674
13.02 0.530252
13.04 0.489607
13.06 0.686643
13.08 0.961057
13.1 0.754466
13.12 0.609936
13.14 0.640787
13.16 0.523034
13.18 0.0725738
13.2 0.126247
13.22 0.310779
13.24 -0.0972145
13.26 -0.129219
13.28 -0.599043
13.3 -0.523932
13.32 -0.535879
13.34 -1.02149
13.36 -0.742745
13.38 -0.879034
13.4 -1.02776
13.42 -0.81281
13.44 -1.12164
13.46 -1.08174
13.48 -0.788429
13.5 -0.638588
13.52 -0.560968
13.54 -0.563679
13.56 -0.0669414
13.58 -0.369628
13.6 0.0197574
13.62 0.174952
13.64 0.00675008
13.66 -0.0141839
13.68 -0.175621
13.7 -0.486607
13.72 -0.305989
13.74 -0.222282
13.76 -0.186353
13.78 -0.733945
13.8 -1.07388
13.82 -0.795285
13.84 -0.807243
13.86 -0.951367
13.88 -1.12632
13.9 -0.448841
13.92 -1.2509
13.94 -0.77781
13.96 -0.813623
13.98 -0.533156
14 -0.189599
14.02 -0.0713622
14.04 -0.0934447
14.06 0.337791
14.08 0.42007
14.1 0.512652
14.12 0.356576
14.14 0.679348
14.16 0.599567
14.18 0.939262
14.2 0.596806
14.22 0.544408
14.24 0.241786
14.26 -0.111374
14.28 -0.00794198
14.3 -0.152684
14.32 -0.161826
14.34 0.0393811
14.36 -0.1761
14.38 -0.204936
14.4 -0.0365745
14.42 0.115134
14.44 0.358552
14.46 0.23773
14.48 0.658967
14.5 0.786534
14.52 1.21142
14.54 1.07173
14.56 1.23999
14.58 1.16332
14.6 1.22425
14.62 1.63668
14.64 1.56594
14.66 1.72627
14.68 1.42751
14.7 1.94331
14.72 1.52243
14.74 1.63151
14.76 1.29627
14.78 1.23204
14.8 1.33647
