2.4000 0.2725338729201094
2.4200 0.2791201933712100
2.4400 0.2996829458055530
2.4600 0.3316939596926307
2.4800 0.3719386133123017
2.5000 0.4167189147695021
2.5200 0.4620869002345117
2.5400 0.5040936830324584
2.5600 0.5390385038745429
2.5800 0.5637021325221255
2.6000 0.5755499545032876
2.6200 0.5728919813736282
2.6400 0.5549897297386061
2.6600 0.5221032527600870
2.6800 0.4754753683842861
2.7000 0.4172540747648811
2.7200 0.3503580273572212
2.7400 0.2782935298807694
2.7600 0.2049345379860816
2.7800 0.1342794985877370
2.8000 0.0702003034025678
2.8200 0.0161991308037098
2.8400 -0.0248115454732015
2.8600 -0.0506919578161827
2.8800 -0.0602095575881190
2.9000 -0.0531165871577560
2.9200 -0.0301658366494594
2.9400 0.0069364050442663
2.9600 0.0556372492039583
2.9800 0.1126972398771325
3.0000 0.1743934653158399
3.0200 0.2367529867202681
3.0400 0.2958019178759558
3.0600 0.3478145059408761
3.0800 0.3895465636373133
3.1000 0.4184385864320014
3.1200 0.4327757931601666
3.1400 0.4317950352748458
3.1600 0.4157318584083305
3.1800 0.3858047604473444
3.2000 0.3441376365604061
3.2200 0.2936252856182378
3.2400 0.2377504301696726
3.2600 0.1803637487750195
3.2800 0.1254407436243811
3.3000 0.0768307219468175
3.3200 0.0380136652879074
3.3400 0.0118802651595915
3.3600 0.0005489479859528
3.3800 0.0052313881409520
3.4000 0.0261549612328054
3.4200 0.0625470120660924
3.4400 0.1126819277083760
3.4600 0.1739880598493537
3.4800 0.2432077801239177
3.5000 0.3166006135631201
3.5200 0.3901766886094888
3.5400 0.4599458372591015
3.5600 0.5221666955624840
3.5800 0.5735801547159726
3.6000 0.6116124963046533
3.6200 0.6345354501312803
3.6400 0.6415731197921403
3.6600 0.6329490596675182
3.6800 0.6098705475101295
3.7000 0.5744510430528577
3.7200 0.5295757070606490
3.7400 0.4787184329741178
3.7600 0.4257218899330604
3.7800 0.3745544000947848
3.8000 0.3290589287417452
3.8200 0.2927099612457312
3.8400 0.2683935453835397
3.8600 0.2582243219198693
3.8800 0.2634110422468892
3.9000 0.2841790252297580
3.9200 0.3197544276850073
3.9400 0.3684113189156689
3.9600 0.4275786034894598
3.9800 0.4940000759309491
4.0000 0.5639375524925317
4.0200 0.6334043184426406
4.0400 0.6984142244369346
4.0600 0.7552307822089769
4.0800 0.8006006098178262
4.1000 0.8319565600206217
4.1200 0.8475777702126651
4.1400 0.8466965791054343
4.1600 0.8295455938207026
4.1800 0.7973419515958885
4.2000 0.7522097665349097
4.2200 0.6970456358434511
4.2400 0.6353356577113982
4.2600 0.5709354596469940
4.2800 0.5078270601949982
4.3000 0.4498678425518787
4.3200 0.4005474141648185
4.3400 0.3627676308300650
4.3600 0.3386596082279373
4.3800 0.3294492197065633
4.4000 0.3353795324871081
4.4200 0.3556950567419120
4.4400 0.3886887979947629
4.4600 0.4318091570558506
4.4800 0.4818199611894193
4.5000 0.5350035717067848
4.5200 0.5873943064518655
4.5400 0.6350275107742833
4.5600 0.6741886272567192
4.5800 0.7016466144646817
4.6000 0.7148570483181742
4.6200 0.7121221445597949
4.6400 0.6926976475222417
4.6600 0.6568398689064898
4.6800 0.6057899207993375
4.7000 0.5416961333986003
4.7200 0.4674795319192821
4.7400 0.3866508248782354
4.7600 0.3030904025969865
4.7800 0.2208051688903575
4.8000 0.1436774844895444
4.8200 0.0752219963222600
4.8400 0.0183656312013839
4.8600 -0.0247354231044325
4.8800 -0.0528302505700198
4.9000 -0.0656508011738584
4.9200 -0.0639276722315869
4.9400 -0.0493430863175348
4.9600 -0.0244240215257225
4.9800 0.0076177896635372
5.0000 0.0430889381397614
5.0200 0.0780477310437459
5.0400 0.1085532334045605
5.0600 0.1309143088336397
5.0800 0.1419230095786245
5.1000 0.1390576495705739
5.1200 0.1206427989727452
5.1400 0.0859561454671385
5.1600 0.0352755060227622
5.1800 -0.0301369665935360
5.2000 -0.1081123920638239
5.2200 -0.1957097110191782
5.2400 -0.2893987215653125
5.2600 -0.3852801049645159
5.2800 -0.4793286174773852
5.3000 -0.5676441697876743
5.3200 -0.6466950198603321
5.3400 -0.7135378006548304
5.3600 -0.7660005596948138
5.3800 -0.8028173116211432
5.4000 -0.8237056514956212
5.4200 -0.8293825543450607
5.4400 -0.8215173704384824
5.4600 -0.8026249720280876
5.4800 -0.7759057678003121
5.5000 -0.7450426397899087
5.5200 -0.7139675642367258
5.5400 -0.6866125827384263
5.5600 -0.6666607733820815
5.5800 -0.6573128715376531
5.6000 -0.6610842066665833
5.6200 -0.6796447166252150
5.6400 -0.7137120942160284
5.6600 -0.7630047822330712
5.6800 -0.8262577727323002
5.7000 -0.9013002200197091
5.7200 -0.9851899928470154
5.7400 -1.0743967135823038
5.7600 -1.1650217854828369
5.7800 -1.2530415850712029
5.8000 -1.3345585410370919
5.8200 -1.4060443255148527
5.8400 -1.4645598791605035
5.8600 -1.5079384470316965
5.8800 -1.5349201264017660
5.9000 -1.5452294742802033
5.9200 -1.5395913001355879
5.9400 -1.5196836533213687
5.9600 -1.4880309609439051
5.9800 -1.4478440324291304
6.0000 -1.4028169855518691
6.0200 -1.3568938554199943
6.0400 -1.3140195527800529
6.0600 -1.2778908213420623
6.0800 -1.2517228438223107
6.1000 -1.2380461630742001
6.1200 -1.2385466798050218
6.1400 -1.2539587816506057
6.1600 -1.2840183198744413
6.1800 -1.3274783894430902
6.2000 -1.3821869219929874
6.2200 -1.4452212172015109
6.2400 -1.5130709603537638
6.2600 -1.5818582272574064
6.2800 -1.6475806535324522
6.3000 -1.7063624897251828
6.3200 -1.7546977681239282
6.3400 -1.7896703027286469
6.3600 -1.8091366994071190
6.3800 -1.8118608773986307
6.4000 -1.7975916499681222
6.4200 -1.7670784897380447
6.4400 -1.7220244882301736
6.4600 -1.6649794653892240
6.4800 -1.5991799453776108
6.5000 -1.5283460534388791
6.5200 -1.4564480953559469
6.5400 -1.3874574859051734
6.5600 -1.3250976760387705
6.5800 -1.2726107285294459
6.6000 -1.2325542084828178
6.6200 -1.2066411502511349
6.6400 -1.1956331555562165
6.6600 -1.1992933391242671
6.6800 -1.2164020776206548
6.7000 -1.2448345714360667
6.7200 -1.2816953448733492
6.7400 -1.3235012325628444
6.7600 -1.3664013532949224
6.7800 -1.4064202483329968
6.8000 -1.4397089056922758
6.8200 -1.4627878962980096
6.8400 -1.4727673435111348
6.8600 -1.4675299030894742
6.8800 -1.4458652547808724
6.9000 -1.4075476533861027
6.9200 -1.3533516648533817
6.9400 -1.2850050969709841
6.9600 -1.2050820804634863
6.9800 -1.1168430168143182
7.0000 -1.0240314476447292
7.0200 -0.9306406072076638
7.0400 -0.8406643244289732
7.0600 -0.7578479242594117
7.0800 -0.6854547781016807
7.1000 -0.6260631697473784
7.1200 -0.5814062383863764
7.1400 -0.5522650535244114
7.1600 -0.5384215381387988
7.1800 -0.5386741958866536
7.2000 -0.5509156519425737
7.2200 -0.5722671330395923
7.2400 -0.5992614345648375
7.2600 -0.6280628759213608
7.2800 -0.6547104212409468
7.3000 -0.6753686869539430
7.3200 -0.6865710621494783
7.3400 -0.6854396632324273
7.3600 -0.6698682999629195
7.3800 -0.6386569540910096
7.4000 -0.5915893184396747
7.4200 -0.5294485220120397
7.4400 -0.4539700507022992
7.4600 -0.3677348194276548
7.4800 -0.2740091120144609
7.5000 -0.1765414436782138
7.5200 -0.0793291076638753
7.5400 0.0136309275138887
7.5600 0.0985911204615203
7.5800 0.1722868091596310
7.6000 0.2321393466401435
7.6200 0.2764161585230849
7.6400 0.3043376675763932
7.6600 0.3161243689693636
7.6800 0.3129811004070494
7.7000 0.2970194975716741
7.7200 0.2711235093014576
7.7400 0.2387664246608156
7.7600 0.2037909106973016
7.7800 0.1701658838082067
7.8000 0.1417354932200373
7.8200 0.1219759906578142
7.8400 0.1137757647092573
7.8600 0.1192523628108870
7.8800 0.1396179996571920
7.9000 0.1751020041947295
7.9200 0.2249350796413999
7.9400 0.2873963669686646
7.9600 0.3599203560477368
7.9800 0.4392569281459071
8.0000 0.5216744749539098
8.0200 0.6031933325991786
8.0400 0.6798348642280343
8.0600 0.7478705414110776
8.0800 0.8040553746274247
8.1000 0.8458310264149307
8.1200 0.8714858456480969
8.1400 0.8802617681341157
8.1600 0.8724013672255058
8.1800 0.8491320986653091
8.2000 0.8125887301203101
8.2200 0.7656788298627928
8.2400 0.7118997667856831
8.2600 0.6551187205777453
8.2800 0.5993295250140422
8.3000 0.5484016228973672
8.3200 0.5058369067608292
8.3400 0.4745497238704113
8.3600 0.4566838684885849
8.3800 0.4534780602347742
8.4000 0.4651883607394828
8.4200 0.4910724030675576
8.4400 0.5294364243840217
8.4600 0.5777421460992834
8.4800 0.6327667852160211
8.5000 0.6908061420947413
8.5200 0.7479080031293837
8.5400 0.8001211919523457
8.5600 0.8437446194596462
8.5800 0.8755606829485894
8.6000 0.8930383479911423
8.6200 0.8944931515414551
8.6400 0.8791940715039792
8.6600 0.8474105464967846
8.6800 0.8003966900618773
8.7000 0.7403136898136057
8.7200 0.6700952660209565
8.7400 0.5932646418435190
8.7600 0.5137145240824742
8.7800 0.4354639174358836
8.8000 0.3624070508277520
8.8200 0.2980701899542614
8.8400 0.2453916146186860
8.8600 0.2065385838481414
8.8800 0.1827727876594804
8.9000 0.1743727377019924
8.9200 0.1806179712825225
8.9400 0.1998360592759096
8.9600 0.2295094621862148
8.9800 0.2664355181089385
9.0000 0.3069295078383082
9.0200 0.3470580356372064
9.0400 0.3828880593144778
9.0600 0.4107359199247932
9.0800 0.4274007214067930
9.1000 0.4303673938054109
9.1200 0.4179666785981780
9.1400 0.3894819813725562
9.1600 0.3451963756083117
9.1800 0.2863768018351466
9.2000 0.2151964526739576
9.2200 0.1346002182737113
9.2400 0.0481216443788397
9.2600 -0.0403370980977070
9.2800 -0.1267484089935046
9.3000 -0.2072103417269927
9.3200 -0.2781897988850752
9.3400 -0.3367425619874476
9.3600 -0.3806963324264663
9.3800 -0.4087852847084635
9.4000 -0.4207276797633545
9.4200 -0.4172416638126288
9.4400 -0.3999982622897703
9.4600 -0.3715145245458028
9.4800 -0.3349935355892485
9.5000 -0.2941213496170763
9.5200 -0.2528336068209717
9.5400 -0.2150664998274333
9.5600 -0.1845077394608814
9.5800 -0.1643631695196937
9.6000 -0.1571536969262192
9.6200 -0.1645552987389391
9.6400 -0.1872921607891825
9.6600 -0.2250896641987432
9.6800 -0.2766901755199774
9.7000 -0.3399306500028184
9.7200 -0.4118771734907400
9.7400 -0.4890079907259855
9.7600 -0.5674335212050681
9.7800 -0.6431395395998976
9.8000 -0.7122382421819368
9.8200 -0.7712114251151344
9.8400 -0.8171304960575078
9.8600 -0.8478394960917996
9.8800 -0.8620896331337398
9.9000 -0.8596168746082409
9.9200 -0.8411577249080863
9.9400 -0.8084021971545371
9.9600 -0.7638869350188193
9.9800 -0.7108352008808331
10.0000 -0.6529537851095745
10.0200 -0.5941995979783313
10.0400 -0.5385306106025114
10.0600 -0.4896567946194735
10.0800 -0.4508067103311121
10.1000 -0.4245244097016426
10.1200 -0.4125094157308792
10.1400 -0.4155098329979817
10.1600 -0.4332753056652253
10.1800 -0.4645727787169541
10.2000 -0.5072640719722766
10.2200 -0.5584403924080282
10.2400 -0.6146053326071605
10.2600 -0.6718948565087437
10.2800 -0.7263204495104754
10.3000 -0.7740201543967338
10.3200 -0.8115017189938490
10.3400 -0.8358625770286270
10.3600 -0.8449728392466488
10.3800 -0.8376097959751616
10.4000 -0.8135354789572593
10.4200 -0.7735124080080797
10.4400 -0.7192565320488126
10.4600 -0.6533303203135109
10.4800 -0.5789827200410773
10.5000 -0.4999460354727958
10.5200 -0.4202024897039781
10.5400 -0.3437351358129209
10.5600 -0.2742787670216792
10.5800 -0.2150864756439217
10.6000 -0.1687265272467198
10.6200 -0.1369223115803689
10.6400 -0.1204454251046471
10.6600 -0.1190686014338940
10.6800 -0.1315814455084646
10.7000 -0.1558679810628318
10.7200 -0.1890411369580016
10.7400 -0.2276257202239126
10.7600 -0.2677783770177320
10.7800 -0.3055307185779627
10.8000 -0.3370403336758500
10.8200 -0.3588339134930845
10.8400 -0.3680272104285138
10.8600 -0.3625080079163355
10.8800 -0.3410706024653486
10.9000 -0.3034933457700033
10.9200 -0.2505543724670759
10.9400 -0.1839845231157782
10.9600 -0.1063604182173678
10.9800 -0.0209443996067789
11.0000 0.0685186059445393
11.0200 0.1580345393478964
11.0400 0.2436093115987402
11.0600 0.3214979061900640
11.0800 0.3884378317677800
11.1000 0.4418522585878351
11.1200 0.4800100772086889
11.1400 0.5021328245796732
11.1600 0.5084417611928059
11.1800 0.5001421434819109
11.2000 0.4793456818911682
11.2200 0.4489360590392190
11.2400 0.4123859601280269
11.2600 0.3735371143867644
11.2800 0.3363571704682228
11.3000 0.3046886842950128
11.3200 0.2820059934262071
11.3400 0.2711952564430818
11.3600 0.2743714802737857
11.3800 0.2927440342508882
11.4000 0.3265391030560456
11.4200 0.3749839529839355
11.4400 0.4363540019550111
11.4600 0.5080797374694583
11.4800 0.5869067661795978
11.5000 0.6690989402524025
11.5200 0.7506717989675772
11.5400 0.8276416591243764
11.5600 0.8962747045015129
11.5800 0.9533204246155960
11.6000 0.9962147363545387
11.6200 1.0232400269371882
11.6400 1.0336320633786413
11.6600 1.0276270521485082
11.6800 1.0064458932269646
11.7000 0.9722166190025117
11.7200 0.9278398924604627
11.7400 0.8768060168351430
11.7600 0.8229749555407664
11.7800 0.7703331853241450
11.8000 0.7227426611628732
11.8200 0.6836976670071211
11.8400 0.6561048308915287
11.8600 0.6421001273661430
11.8800 0.6429143660697942
11.9000 0.6587956186304731
11.9200 0.6889934583558460
11.9400 0.7318060031749567
11.9600 0.7846868060557416
11.9800 0.8444048766082721
12.0000 0.9072477790785233
12.0200 0.9692550452120038
12.0400 1.0264672355943736
12.0600 1.0751749997478992
12.0800 1.1121524852642295
12.1000 1.1348604295848865
12.1200 1.1416061729163123
12.1400 1.1316505374944776
12.1600 1.1052548569223024
12.1800 1.0636651998205620
12.2000 1.0090347782724325
12.2200 0.9442894155467145
12.2400 0.8729445253089202
12.2600 0.7988851011714351
12.2800 0.7261225395617208
12.3000 0.6585435744683893
12.3200 0.5996670981989365
12.3400 0.5524241467112606
12.3600 0.5189748725032347
12.3800 0.5005740039188604
12.4000 0.4974932430902095
12.4200 0.5090054770127622
12.4400 0.5334317922491603
12.4600 0.5682483375194323
12.4800 0.6102463179208285
12.5000 0.6557350660144592
12.5200 0.7007754282900160
12.5400 0.7414288006472320
12.5600 0.7740061632035140
12.5800 0.7953014647382491
12.6000 0.8027946904147530
12.6200 0.7948118512950726
12.6400 0.7706318408905950
12.6600 0.7305334424987301
12.6800 0.6757795315925041
12.7000 0.6085394637685412
12.7200 0.5317545227628599
12.7400 0.4489548807671990
12.7600 0.3640395699195108
12.7800 0.2810332879693089
12.8000 0.2038353166979517
12.8200 0.1359763272473959
12.8400 0.0803983509379109
12.8600 0.0392717385762529
12.8800 0.0138606071292790
12.9000 0.0044452259972061
12.9200 0.0103062173981919
12.9400 0.0297715613720798
12.9600 0.0603234496730864
12.9800 0.0987582723049624
13.0000 0.1413896819453097
13.0200 0.1842819747782383
13.0400 0.2234991213810050
13.0600 0.2553537979797713
13.0800 0.2766407683892946
13.1000 0.2848399502807651
13.1200 0.2782764042950350
13.1400 0.2562271912447941
13.1600 0.2189683811554810
13.1800 0.1677592584100016
13.2000 0.1047647134996838
13.2200 0.0329206958867360
13.2400 -0.0442488197946624
13.2600 -0.1228518553316598
13.2800 -0.1988716153276482
13.3000 -0.2684175598277745
13.3200 -0.3279685890320482
13.3400 -0.3745930615268473
13.3600 -0.4061318230460831
13.3800 -0.4213327469009804
13.4000 -0.4199283338590987
13.4200 -0.4026514969771446
13.4400 -0.3711885408968733
13.4600 -0.3280722913526661
13.4800 -0.2765220911565268
13.5000 -0.2202407174343098
13.5200 -0.1631809816153187
13.5400 -0.1092966785521566
13.5600 -0.0622935344789707
13.5800 -0.0253958035175904
13.6000 -0.0011431791126384
13.6200 0.0087692180955457
13.6400 0.0035977211768556
13.6600 -0.0164028496818573
13.6800 -0.0499949570326558
13.7000 -0.0950359288119663
13.7200 -0.1486124793002855
13.7400 -0.2072237161997258
13.7600 -0.2670011349938242
13.7800 -0.3239517776287475
13.8000 -0.3742092769774433
13.8200 -0.4142770129767065
13.8400 -0.4412481019017197
13.8600 -0.4529883958231111
13.8800 -0.4482709934200773
13.9000 -0.4268538099649201
13.9200 -0.3894953320187179
13.9400 -0.3379075663828629
13.9600 -0.2746491390907085
13.9800 -0.2029652607409380
14.0000 -0.1265846129826630
14.0200 -0.0494859176903270
14.0400 0.0243511447581827
14.0600 0.0911950183559633
14.0800 0.1477957057481478
14.1000 0.1915878875023046
14.1200 0.2208509648231605
14.1400 0.2348159708923002
14.1600 0.2337126345188963
14.1800 0.2187536403023991
14.2000 0.1920570757449478
14.2200 0.1565119397535169
14.2400 0.1155951646936792
14.2600 0.0731516507961403
14.2800 0.0331511358428107
14.3000 -0.0005628213623869
14.3200 -0.0245159696610975
14.3400 -0.0358233278434192
14.3600 -0.0323721576630649
14.3800 -0.0129564487695342
14.4000 0.0226455365967053
14.4200 0.0736555335764051
14.4400 0.1383423497571772
14.4600 0.2141287895199207
14.4800 0.2977517113367657
14.5000 0.3854651631837536
14.5200 0.4732738345040730
14.5400 0.5571821582836197
14.5600 0.6334434134702562
14.5800 0.6987931779676462
14.6000 0.7506524657643352
14.6200 0.7872877866315704
14.6400 0.8079180735504110
14.6600 0.8127617615349878
14.6800 0.8030210620347209
14.7000 0.7808044233361773
14.7200 0.7489920513888364
14.7400 0.7110529432016267
14.7600 0.6708249315979161
14.7800 0.6322715642432771
14.8000 0.5992310954397355
