2.4000 0.3421963145050702
2.4200 0.3626290098784782
2.4400 0.2753114317677577
2.4600 0.3532609683330051
2.4800 0.2553542201640968
2.5000 0.3019236368796426
2.5200 0.4725743718361611
2.5400 0.5763190862549585
2.5600 0.7975876291361670
2.5800 0.4970130654519870
2.6000 0.5942830569611816
2.6200 0.5646425388365326
2.6400 0.3616874379535074
2.6600 0.4782066373666096
2.6800 0.2960074842387737
2.7000 0.5012916277402716
2.7200 0.2615548191243201
2.7400 0.2883028131947017
2.7600 0.1504816449870268
2.7800 0.1646315780526724
2.8000 0.0101676471891944
2.8200 0.0651956629211046
2.8400 0.0491247668872459
2.8600 0.1204968204819728
2.8800 -0.0796219111639456
2.9000 -0.2669521141017499
2.9200 -0.1141247113831208
2.9400 0.1423958378447307
2.9600 -0.0515782796344669
2.9800 0.2087926268511892
3.0000 0.1867984453161591
3.0200 0.3804226489921620
3.0400 0.0997119179394525
3.0600 0.3280446833434610
3.0800 0.2687620151113335
3.1000 0.7092393895049376
3.1200 0.5152976825830157
3.1400 0.5696922330665072
3.1600 0.3099138326095944
3.1800 0.3389432023372820
3.2000 0.3168906956353874
3.2200 0.4034677474071000
3.2400 0.2099632368909087
3.2600 0.2505178945913478
3.2800 -0.0797408863667339
3.3000 0.0414457221693742
3.3200 -0.0443449872277779
3.3400 -0.1458254371203287
3.3600 0.0513464130765473
3.3800 0.0334297945080076
3.4000 0.0295029494572505
3.4200 -0.0708207822767182
3.4400 0.2254311555425350
3.4600 0.2090060009096849
3.4800 0.2133011770906195
3.5000 0.3188895928382831
3.5200 0.3639771451128796
3.5400 0.2849246004144225
3.5600 0.4936015984029510
3.5800 0.4904435035592101
3.6000 0.5136918657879230
3.6200 0.5188952845648801
3.6400 0.5882174088605415
3.6600 0.4326854860792122
3.6800 0.7062934897732922
3.7000 0.6264570531984034
3.7200 0.5275729218963953
3.7400 0.4752413243712695
3.7600 0.3459055314766462
3.7800 0.4764229283076423
3.8000 0.3157371807909718
3.8200 0.2212569448670154
3.8400 0.4035321222262054
3.8600 0.2357472163146109
3.8800 0.2045081391748091
3.9000 0.2548036654562164
3.9200 0.2349618033212139
3.9400 0.2563984887912961
3.9600 0.6801785727012908
3.9800 0.6595498352196837
4.0000 0.5946910684163569
4.0200 0.5076924825074351
4.0400 0.6118674213814542
4.0600 0.7375773707858317
4.0800 0.8797422159806896
4.1000 0.6987561178890970
4.1200 0.6145910546321575
4.1400 0.7017868498215604
4.1600 0.8628966771272831
4.1800 0.8364773120391786
4.2000 0.7973777084277335
4.2200 0.6840171705288791
4.2400 0.6537045672975924
4.2600 0.5233201579850866
4.2800 0.5940292213506905
4.3000 0.3136983954648033
4.3200 0.4460503698092519
4.3400 0.2778966928366991
4.3600 0.3051709143315325
4.3800 0.3847275543010183
4.4000 0.4392885978376037
4.4200 0.2439311884153912
4.4400 0.5147546689068525
4.4600 0.4978234711605484
4.4800 0.4750334058351506
4.5000 0.5154814519169094
4.5200 0.5656336714375463
4.5400 0.6047167486391092
4.5600 0.6764931896992298
4.5800 0.7067756500495591
4.6000 0.7974633273393338
4.6200 0.8648198132331322
4.6400 0.7393890910907117
4.6600 0.6358685350676161
4.6800 0.6683089565081001
4.7000 0.5600188596987440
4.7200 0.3645027775626200
4.7400 0.4815730079913377
4.7600 0.3337965945116568
4.7800 0.2343226631003030
4.8000 0.1952021180420292
4.8200 0.1013626287277982
4.8400 -0.0757829458941594
4.8600 -0.0409691903848153
4.8800 -0.0674357140031724
4.9000 -0.1188519388547405
4.9200 0.1042826872347311
4.9400 -0.1369160209335366
4.9600 -0.0728055265367346
4.9800 -0.0635826652392051
5.0000 -0.0743322950059203
5.0200 0.0588237792898184
5.0400 0.0811462104113002
5.0600 0.2839215602760494
5.0800 0.1170205353272532
5.1000 0.0326363082816412
5.1200 0.2809885287847496
5.1400 0.2094240601562163
5.1600 0.0123128609264441
5.1800 -0.1807529369915080
5.2000 -0.1525751737085224
5.2200 -0.2113038145916551
5.2400 -0.2617918961721589
5.2600 -0.4113964695421638
5.2800 -0.4349864261869761
5.3000 -0.5284547488444293
5.3200 -0.7717629105429729
5.3400 -0.8083338928879736
5.3600 -0.8401111690888550
5.3800 -0.8535990666489606
5.4000 -0.8557632021556452
5.4200 -0.8281356502088989
5.4400 -1.1244351045788969
5.4600 -0.8483264361152458
5.4800 -0.6516609271612382
5.5000 -0.8517127796883837
5.5200 -0.6205947479696019
5.5400 -0.6515804826028151
5.5600 -0.6695613497529541
5.5800 -0.6390676547870547
5.6000 -0.8175898080816558
5.6200 -0.6880986646069874
5.6400 -0.5533174591557404
5.6600 -0.7531700047690604
5.6800 -0.8221204113833387
5.7000 -0.9747171312893830
5.7200 -0.9882713658482474
5.7400 -1.0511620123198562
5.7600 -1.1223830297419424
5.7800 -1.2903224592435534
5.8000 -1.3582039994128106
5.8200 -1.2036752368545474
5.8400 -1.6903952762101226
5.8600 -1.2849938789860067
5.8800 -1.5011637563404554
5.9000 -1.4452233923212909
5.9200 -1.7060077476342939
5.9400 -1.5786871097418909
5.9600 -1.5158373773204361
5.9800 -1.4055724633070825
6.0000 -1.5698370553369161
6.0200 -1.3097304227783639
6.0400 -1.4353042727474987
6.0600 -1.2712718164996011
6.0800 -1.1864872549561734
6.1000 -1.2053401663564913
6.1200 -1.1302833293813461
6.1400 -1.1533510705687005
6.1600 -1.3491090935342165
6.1800 -1.3017727736996934
6.2000 -1.4766247026334094
6.2200 -1.5774000693407673
6.2400 -1.4205883670043931
6.2600 -1.5818532423498814
6.2800 -1.6530725449933930
6.3000 -1.6152497631597968
6.3200 -1.6952393983830230
6.3400 -1.7546501853411933
6.3600 -1.6841115765766195
6.3800 -1.7188819315428592
6.4000 -1.7736153242622641
6.4200 -1.8361146000491673
6.4400 -1.7871798524052016
6.4600 -1.5457692783360970
6.4800 -1.7603629842453918
6.5000 -1.5307922471024709
6.5200 -1.6513328130458369
6.5400 -1.2854076844599081
6.5600 -1.2389260457994287
6.5800 -1.2724945201810944
6.6000 -1.2396379297988658
6.6200 -1.4552695423214628
6.6400 -1.1375159232886243
6.6600 -1.4185368311208575
6.6800 -1.4483301082849851
6.7000 -1.2368412004062228
6.7200 -1.3765434432303998
6.7400 -1.2823521704205070
6.7600 -1.2987035727265195
6.7800 -1.3206469938124612
6.8000 -1.5088248182305750
6.8200 -1.4178501339813245
6.8400 -1.4627040084796272
6.8600 -1.3849229032424819
6.8800 -1.3922495467882805
6.9000 -1.3177588107875950
6.9200 -1.3665454516458397
6.9400 -1.2997252425861108
6.9600 -1.1043047399329424
6.9800 -1.3292085630558932
7.0000 -1.0744900881961301
7.0200 -1.0577000521885298
7.0400 -0.8789228046997380
7.0600 -0.6929799980545497
7.0800 -0.6028820631775048
7.1000 -0.7275575340153921
7.1200 -0.6285132296546930
7.1400 -0.5385625661114063
7.1600 -0.5676078757141562
7.1800 -0.5084923403605529
7.2000 -0.5109225576469936
7.2200 -0.6652632889336052
7.2400 -0.6169444611577607
7.2600 -0.8412723358375143
7.2800 -0.5401742501890994
7.3000 -0.7382777630533586
7.3200 -0.8069560595497001
7.3400 -0.7108341315747085
7.3600 -0.8127329864261292
7.3800 -0.6407427158611697
7.4000 -0.6476558180924932
7.4200 -0.3116706510936244
7.4400 -0.3401235119693397
7.4600 -0.6174234697461051
7.4800 -0.2298764188417001
7.5000 -0.3163552312593212
7.5200 -0.1048346256519559
7.5400 0.0300713348457616
7.5600 0.1733645233423325
7.5800 0.1449821142193403
7.6000 0.3897693612947510
7.6200 0.2283224433452004
7.6400 0.3370888796593619
7.6600 0.3825977810321231
7.6800 0.3214999596791654
7.7000 0.3851147761097789
7.7200 0.3034448230862173
7.7400 0.1603518062944068
7.7600 0.0232535755586926
7.7800 0.3560251786637771
7.8000 0.0812824843425914
7.8200 0.1323119628888790
7.8400 0.1700924602238551
7.8600 0.1306120624842872
7.8800 0.0491453783773888
7.9000 0.1283305459495439
7.9200 0.2124460849190892
7.9400 0.4352922161190675
7.9600 0.2738387870470407
7.9800 0.5177237748746892
8.0000 0.5525367889487628
8.0200 0.5798073283862634
8.0400 0.5741375896320212
8.0600 0.7194564459484611
8.0800 0.7953863463814942
8.1000 0.6988915189662950
8.1200 0.8907040701351755
8.1400 0.7980324405050983
8.1600 0.8629773084295335
8.1800 0.8827534327607331
8.2000 0.7221233241956264
8.2200 0.7368531937422231
8.2400 0.7469060425391009
8.2600 0.4715328063273149
8.2800 0.7029271158385904
8.3000 0.7908477373913037
8.3200 0.6017769577016268
8.3400 0.4429725243694704
8.3600 0.4995461364745245
8.3800 0.3498795823834349
8.4000 0.6529749067890687
8.4200 0.5851428434027708
8.4400 0.6081710023775464
8.4600 0.4901547199036162
8.4800 0.6647616986542543
8.5000 0.6349767136096510
8.5200 0.7167650612746942
8.5400 0.7431202002881271
8.5600 0.7411712578967748
8.5800 0.7846861242611568
8.6000 0.8720486145855832
8.6200 0.7246067431241940
8.6400 0.9399541290885876
8.6600 0.8356307175699883
8.6800 0.8703127234262940
8.7000 0.7672785539852655
8.7200 0.7195239715588976
8.7400 0.4449525395919292
8.7600 0.4116880855141777
8.7800 0.3907644163614308
8.8000 0.3733729099605123
8.8200 0.4109438351570897
8.8400 0.2163953105386832
8.8600 0.3326936556622563
8.8800 0.2303152688302075
8.9000 0.2917844128513639
8.9200 0.1933126780868871
8.9400 0.1341544663811013
8.9600 0.0813695550283368
8.9800 0.2819844176993279
9.0000 0.3887846446904082
9.0200 0.3177992225537670
9.0400 0.3288094176656253
9.0600 0.3798717383967819
9.0800 0.3177413912542458
9.1000 0.3810664122737658
9.1200 0.3998927429566743
9.1400 0.3940660919439267
9.1600 0.3388180636060784
9.1800 0.3475103212416703
9.2000 0.2261282220514446
9.2200 0.3160017633017489
9.2400 0.0793240272117671
9.2600 0.1401122790747117
9.2800 -0.1990605569505465
9.3000 -0.1545556379520368
9.3200 -0.3042148850556869
9.3400 -0.2767283111065846
9.3600 -0.3213032528615910
9.3800 -0.6273874459832871
9.4000 -0.5534319947153836
9.4200 -0.5613430235765202
9.4400 -0.3598138125857888
9.4600 -0.2244943964609508
9.4800 -0.3676749584678391
9.5000 -0.2128890491529967
9.5200 -0.1982795964683601
9.5400 -0.3202297307795181
9.5600 -0.1447610398813505
9.5800 -0.2395526433878829
9.6000 -0.0055270072616239
9.6200 -0.1678119496583872
9.6400 -0.0236921950613533
9.6600 -0.2675955132597462
9.6800 -0.2177468388481554
9.7000 -0.3462097725746509
9.7200 -0.6140730664959190
9.7400 -0.5872211433038903
9.7600 -0.5061823913883732
9.7800 -0.6486281525987653
9.8000 -0.8241114424272092
9.8200 -0.8338492790018482
9.8400 -0.7921787220012283
9.8600 -0.9471413967467597
9.8800 -0.7645946106526086
9.9000 -0.9236878252808466
9.9200 -0.6602714628561609
9.9400 -0.9163888222284199
9.9600 -0.7439679906112929
9.9800 -0.8629378570577285
10.0000 -0.7253168976384817
10.0200 -0.6535246294794117
10.0400 -0.4983969766206313
10.0600 -0.3954434626957792
10.0800 -0.4207581135715391
10.1000 -0.4618314755647430
10.1200 -0.3309605649216294
10.1400 -0.3356211337823101
10.1600 -0.4212547774695898
10.1800 -0.4074480157455065
10.2000 -0.4659844709411374
10.2200 -0.6571365807431804
10.2400 -0.5386485000156822
10.2600 -0.7376149864185787
10.2800 -0.7867122976480923
10.3000 -0.7563254721637926
10.3200 -0.8422520659801241
10.3400 -0.8490446123202163
10.3600 -0.7854370718582386
10.3800 -0.7329265175446384
10.4000 -0.8333313422184435
10.4200 -0.7407445916173596
10.4400 -0.7430866825077859
10.4600 -0.6303706309914795
10.4800 -0.5349829295588144
10.5000 -0.5616326283617186
10.5200 -0.3927188110128114
10.5400 -0.2836249325660914
10.5600 -0.2650479718977830
10.5800 -0.0421023364866853
10.6000 -0.2295822717205517
10.6200 -0.2106282887501494
10.6400 -0.2954333557434097
10.6600 -0.0280203434691828
10.6800 -0.0448731902137321
10.7000 -0.1638572649686356
10.7200 -0.0991935380202874
10.7400 -0.2092553779147877
10.7600 -0.2386993635292866
10.7800 -0.2942362468758576
10.8000 -0.2930451147886060
10.8200 -0.3486676691230504
10.8400 -0.0892936876471702
10.8600 -0.4791745109357997
10.8800 -0.5265005107343180
10.9000 -0.4175614602369666
10.9200 -0.3598887180910363
10.9400 -0.2273454527632606
10.9600 -0.1232074060449127
10.9800 -0.0427977556094369
11.0000 0.1226520495164769
11.0200 0.1969611597322228
11.0400 0.3187322100675736
11.0600 0.4993234961191645
11.0800 0.5107440869411607
11.1000 0.3135266481273584
11.1200 0.2471146255803547
11.1400 0.5923259712748447
11.1600 0.3248778928192867
11.1800 0.5068178346255975
11.2000 0.4828936304749259
11.2200 0.6716528668560061
11.2400 0.4054645347258221
11.2600 0.3228048079253146
11.2800 0.3599381377258473
11.3000 0.3292691694843972
11.3200 0.2890105143678879
11.3400 0.2103372054350869
11.3600 0.1521121422551227
11.3800 0.3243940703306599
11.4000 0.1922521793938526
11.4200 0.2717655185767184
11.4400 0.5694755904615084
11.4600 0.4661894179664735
11.4800 0.5728745939739612
11.5000 0.7590811731421248
11.5200 0.7206606984060095
11.5400 0.9305782303346863
11.5600 0.8617681073447808
11.5800 1.0546006110418940
11.6000 1.0591481948476806
11.6200 1.0019385186730827
11.6400 0.9470623325425890
11.6600 0.9233162220147455
11.6800 0.9794390119621548
11.7000 0.9284024834422973
11.7200 0.8869724609808302
11.7400 0.9751605403556987
11.7600 0.7932052411398290
11.7800 0.8847010764012407
11.8000 0.6695806494121663
11.8200 0.7809542398079864
11.8400 0.6038797823921738
11.8600 0.6597579068303746
11.8800 0.7399881484252631
11.9000 0.6173983911330501
11.9200 0.6451664065353558
11.9400 0.9321450642611832
11.9600 0.8797861560106501
11.9800 0.8012044922354941
12.0000 0.9721418528148820
12.0200 0.9332474150966066
12.0400 1.0970557375293151
12.0600 1.2167599065915577
12.0800 0.9517009184045233
12.1000 1.2377457364850890
12.1200 1.2874029509825109
12.1400 1.1363976698219604
12.1600 1.2798805279341445
12.1800 1.0792039512406801
12.2000 0.8853228098061695
12.2200 0.7249399876632538
12.2400 0.8396038185825468
12.2600 0.8702394314278410
12.2800 0.7578633128851705
12.3000 0.6999046134977023
12.3200 0.5419585398351425
12.3400 0.5668243268517071
12.3600 0.3551082995098460
12.3800 0.4245650040553337
12.4000 0.4156139334651838
12.4200 0.5609783658261241
12.4400 0.5320157863394398
12.4600 0.4526954006907082
12.4800 0.6092938263110119
12.5000 0.5867540122512882
12.5200 0.6341055129298996
12.5400 0.8278437427637447
12.5600 0.7853481068262008
12.5800 0.8351377493548485
12.6000 0.8911916794382201
12.6200 0.8128376206937773
12.6400 0.8257172930963420
12.6600 0.7988298701099238
12.6800 0.7928403975960645
12.7000 0.6561255224963755
12.7200 0.6729777914073103
12.7400 0.4512157291981588
12.7600 0.3592526288974902
12.7800 0.4511667533968048
12.8000 0.1528641454212091
12.8200 0.1356908312329638
12.8400 0.1723850589185505
12.8600 0.0542526118395290
12.8800 0.1543539516969767
12.9000 0.1078573799541771
12.9200 0.0394632462752725
12.9400 -0.0479982924590805
12.9600 0.1169930594270168
12.9800 -0.0395038436430729
13.0000 0.1658371495042985
13.0200 0.2651258550950075
13.0400 0.2448032912227050
13.0600 0.3433215144031201
13.0800 0.4805283935306989
13.1000 0.3772331951496588
13.1200 0.3049681489546178
13.1400 0.3203933418869720
13.1600 0.2615169167180105
13.1800 0.0362869080613132
13.2000 0.0631235915297404
13.2200 0.1553894783652697
13.2400 -0.0486072403492957
13.2600 -0.0646095275868628
13.2800 -0.2995216227895817
13.3000 -0.2619658855966641
13.3200 -0.2679393941134699
13.3400 -0.5107445570133040
13.3600 -0.3713725598500766
13.3800 -0.4395170687469138
13.4000 -0.5138818104532479
13.4200 -0.4064048158590618
13.4400 -0.5608189902591183
13.4600 -0.5408699681709335
13.4800 -0.3942144242280226
13.5000 -0.3192939394827273
13.5200 -0.2804842143420593
13.5400 -0.2818394575050258
13.5600 -0.0334707255124696
13.5800 -0.1848141755442711
13.6000 0.0098787058096997
13.6200 0.0874758857313437
13.6400 0.0033750425454720
13.6600 -0.0070919736759769
13.6800 -0.0878106626916315
13.7000 -0.2433035399178667
13.7200 -0.1529943378361150
13.7400 -0.1111411950315143
13.7600 -0.0931766417324902
13.7800 -0.3669724018713575
13.8000 -0.5369415506244214
13.8200 -0.3976422637306999
13.8400 -0.4036215108566478
13.8600 -0.4756834422937344
13.8800 -0.5631622223819563
13.9000 -0.2244205500105331
13.9200 -0.6254476831145670
13.9400 -0.3889047709628568
13.9600 -0.4068116981717186
13.9800 -0.2665780857069422
14.0000 -0.0947994710766933
14.0200 -0.0356811202453744
14.0400 -0.0467223627229399
14.0600 0.1688953710279421
14.0800 0.2100350981653492
14.1000 0.2563259759539093
14.1200 0.1782877966571254
14.1400 0.3396740469459444
14.1600 0.2997833431556138
14.1800 0.4696308876209097
14.2000 0.2984030396490501
14.2200 0.2722041050862563
14.2400 0.1208930474262404
14.2600 -0.0556869494978889
14.2800 -0.0039709889069525
14.3000 -0.0763420130122688
14.3200 -0.0809128613638402
14.3400 0.0196905281567655
14.3600 -0.0880499640581015
14.3800 -0.1024677623177778
14.4000 -0.0182872355667018
14.4200 0.0575668569025608
14.4400 0.1792757928027228
14.4600 0.1188651898079229
14.4800 0.3294834585692269
14.5000 0.3932671712815613
14.5200 0.6057123794200954
14.5400 0.5358651096414612
14.5600 0.6199955490147135
14.5800 0.5816575961756165
14.6000 0.6121261974448112
14.6200 0.8183386184916203
14.6400 0.7829691671030171
14.6600 0.8631361671087207
14.6800 0.7137549216870172
14.7000 0.9716556563719996
14.7200 0.7612151214393251
14.7400 0.8157562698914201
14.7600 0.6481329116655224
14.7800 0.6160213700884276
14.8000 0.6682362852255161
